<component name="libraryTable">
  <library name="junit-4.13.1">
    <CLASSES>
      <root url="jar://$USER_HOME$/Tools/junit-4.13.1.jar!/" />
      <root url="jar://$USER_HOME$/Tools/hamcrest-all-1.3.jar!/" />
    </CLASSES>
    <JAVADOC />
    <SOURCES />
  </library>
</component>